C51 COMPILER V9.01   LCD                                                                   10/21/2017 00:46:21 PAGE 1   


C51 COMPILER V9.01, COMPILATION OF MODULE LCD
OBJECT MODULE PLACED IN lcd.OBJ
COMPILER INVOKED BY: C:\Keil_v4\C51\BIN\C51.EXE lcd.c OPTIMIZE(8,SPEED) BROWSE DEBUG OBJECTEXTEND TABS(2)

line level    source

   1          #include <reg52.h>
   2          #include "LCD1602.h"
   3          #define u8 unsigned char 
   4          #define u16 unsigned int
   5             
   6          u16 time[20]={2,0,1,7,1,0,2,0,2,3,5,9,3,0,2017,10,20,12,59,30}; 
   7          
   8          u8 num,miao,fen,shi;    
   9          u16 mypow(u8 m,u8 n)   //求m^n
  10          {
  11   1        u16 result=1;  
  12   1        while(n--)result*=m;    
  13   1        return result;
  14   1      }
  15          
  16          void chaifen(u16 temp,u8 len,u8 temp2)
  17          {
  18   1        u8 t;
  19   1        for(t=0;t<len;t++)  
  20   1          time[t+len*temp2]=(temp/mypow(10,len-t-1))%10;
  21   1      }
  22          void shijianchuli()
  23          {
  24   1          if(num>=20)
  25   1        {
  26   2          num=0;
  27   2          time[20]++;     //秒自加
  28   2          if(time[20]>=60)
  29   2          {
  30   3             time[20]=0;
  31   3           time[19]++;  //分自加
  32   3           if(fen>=60)
  33   3           {
  34   4            time[19]=0;
  35   4            time[18]++; //时自加
  36   4            if(shi>=24)
  37   4            {
  38   5              time[18]=0;
  39   5            }
  40   4           }
  41   3          }
  42   2        chaifen(time[18],2,0);
  43   2        chaifen(time[19],2,1);
  44   2        chaifen(time[20],2,2);
  45   2         }
  46   1      }
  47          
  48          void LCD_Show ()
  49          {
  50   1        u8 i;
  51   1        LCD_1602(0,0X80+0x44);
  52   1        for(i=0;i<6;i++)
  53   1        {
  54   2          if((i%2==0)&&(i>1))LCD_1602(1,':');
  55   2           LCD_1602(1,time[i]+'0');
C51 COMPILER V9.01   LCD                                                                   10/21/2017 00:46:21 PAGE 2   

  56   2        } 
  57   1      
  58   1      }
  59          void Timer0_init()
  60          {
  61   1        TMOD=0X01;
  62   1        TH0=(65536-50000)>>8;
  63   1        TL0=(65536-50000);
  64   1        EA=1;
  65   1        ET0=1;
  66   1        TR0=1;   
  67   1      }
  68          
  69          void T0_Timer () interrupt 1
  70          {
  71   1        TH0=(65536-50000)>>8;
  72   1        TL0=(65536-50000);
  73   1        num++;  
  74   1      }
  75          
  76          void main()
  77          {
  78   1        LCD_1602_inti();  
  79   1        LCD_ShowString(0,0,"Time: 2017-10-20");
  80   1        Timer0_init();
  81   1        while(1)
  82   1        {     
  83   2          shijianchuli();
  84   2          LCD_Show ();
  85   2        }
  86   1      }


MODULE INFORMATION:   STATIC OVERLAYABLE
   CODE SIZE        =    309    ----
   CONSTANT SIZE    =     17    ----
   XDATA SIZE       =   ----    ----
   PDATA SIZE       =   ----    ----
   DATA SIZE        =     44       3
   IDATA SIZE       =   ----    ----
   BIT SIZE         =   ----    ----
END OF MODULE INFORMATION.


C51 COMPILATION COMPLETE.  0 WARNING(S),  0 ERROR(S)
