C51 COMPILER V9.01   LCD1602                                                               10/21/2017 00:39:50 PAGE 1   


C51 COMPILER V9.01, COMPILATION OF MODULE LCD1602
OBJECT MODULE PLACED IN LCD1602.OBJ
COMPILER INVOKED BY: C:\Keil_v4\C51\BIN\C51.EXE LCD1602.C OPTIMIZE(8,SPEED) BROWSE DEBUG OBJECTEXTEND TABS(2)

line level    source

   1          #include <reg51.h>
   2          #include "LCD1602.H"
   3          
   4          #define u8 unsigned char 
   5          #define u16 unsigned int
   6          //LCD引脚定义
   7          sbit RS=P3^0;
   8          sbit RW=P3^1;
   9          sbit EN=P3^2;
  10          #define LCD_DATA  P2
  11          
  12          void delay_ms(int x)
  13          {
  14   1         int k,j;
  15   1         for(k=0;k<x;k++)
  16   1          for(j=0;j<110;j++);
  17   1      }
  18          
  19          int LCD_1602_Read()    //LCD 读
  20          {
  21   1         u8 Data_R;
  22   1         RS=0;
  23   1         RW=1;
  24   1         delay_ms(2);
  25   1         EN=0;
  26   1         EN=1;
  27   1         Data_R=LCD_DATA;
  28   1         delay_ms(5);
  29   1         EN=0;
  30   1         delay_ms(5);
  31   1         RW=5;
  32   1         delay_ms(5);
  33   1         return(Data_R&0x80);
  34   1      }
  35          
  36          void LCD_1602(int com,Data)    //LCD 写
  37          {
  38   1         while(LCD_1602_Read());     //判断系统是否繁忙
  39   1         RW=0;
  40   1         EN=0;
  41   1         RS=com;
  42   1         delay_ms(5);
  43   1         LCD_DATA=Data;
  44   1         EN=1;
  45   1         delay_ms(5);
  46   1         EN=0;
  47   1         delay_ms(5);
  48   1         RW=1;
  49   1      }
  50          
  51          
  52          void LCD_1602_inti()    //LCD初始化
  53          {
  54   1       LCD_1602(0,0X38);
  55   1       LCD_1602(0,0X0C);
C51 COMPILER V9.01   LCD1602                                                               10/21/2017 00:39:50 PAGE 2   

  56   1       LCD_1602(0,0X06);
  57   1       LCD_1602(0,0X01);
  58   1      }
  59          
  60          //向LCD写入一串字符串
  61          void LCD_ShowString(u8 x,u8 y,const u8 *p)
  62          { 
  63   1          while((*p<='~')&&(*p>=' '))
  64   1          {  
  65   2          if(y)LCD_1602(0,0X80+x+0X40);
  66   2            else LCD_1602(0,0X80+x);
  67   2          while(*p)
  68   2          {           
  69   3            LCD_1602(1,*p++);           
  70   3          }     
  71   2          }   
  72   1      }


MODULE INFORMATION:   STATIC OVERLAYABLE
   CODE SIZE        =    246    ----
   CONSTANT SIZE    =   ----    ----
   XDATA SIZE       =   ----    ----
   PDATA SIZE       =   ----    ----
   DATA SIZE        =   ----       7
   IDATA SIZE       =   ----    ----
   BIT SIZE         =   ----    ----
END OF MODULE INFORMATION.


C51 COMPILATION COMPLETE.  0 WARNING(S),  0 ERROR(S)
